2016-05-08 17:44:08 [INFO] [main] XmlBeanDefinitionReader.loadBeanDefinitions(316) | Loading XML bean definitions from URL [file:/F:/workspace/bibased/website-service/target/classes/applicationContext.xml]
2016-05-08 17:44:08 [INFO] [main] XmlBeanDefinitionReader.loadBeanDefinitions(316) | Loading XML bean definitions from URL [file:/F:/workspace/bibased/website-service/target/classes/META-INF/spring-context.xml]
2016-05-08 17:44:08 [INFO] [main] GenericApplicationContext.prepareRefresh(513) | Refreshing org.springframework.context.support.GenericApplicationContext@599aa2db: startup date [Sun May 08 17:44:08 CST 2016]; root of context hierarchy
2016-05-08 17:44:09 [INFO] [main] PropertySourcesPlaceholderConfigurer.loadProperties(172) | Loading properties file from file [F:\workspace\bibased\website-service\target\classes\properties\database.properties]
2016-05-08 17:44:09 [INFO] [main] AutowiredAnnotationBeanPostProcessor.<init>(141) | JSR-330 'javax.inject.Inject' annotation found and supported for autowiring
2016-05-08 17:44:09 [INFO] [main] LocalContainerEntityManagerFactoryBean.createNativeEntityManagerFactory(332) | Building JPA container EntityManagerFactory for persistence unit 'default'
2016-05-08 17:44:09 [INFO] [main] LogHelper.logPersistenceUnitInformation(46) | HHH000204: Processing PersistenceUnitInfo [
	name: default
	...]
2016-05-08 17:44:09 [INFO] [main] Version.logVersion(54) | HHH000412: Hibernate Core {4.3.8.Final}
2016-05-08 17:44:09 [INFO] [main] Environment.<clinit>(239) | HHH000206: hibernate.properties not found
2016-05-08 17:44:09 [INFO] [main] Environment.buildBytecodeProvider(346) | HHH000021: Bytecode provider name : javassist
2016-05-08 17:44:09 [INFO] [main] Version.<clinit>(66) | HCANN000001: Hibernate Commons Annotations {4.0.5.Final}
2016-05-08 17:44:16 [INFO] [main] Dialect.<init>(145) | HHH000400: Using dialect: org.hibernate.dialect.MySQL5Dialect
2016-05-08 17:44:16 [INFO] [main] LobCreatorBuilder.useContextualLobCreation(97) | HHH000423: Disabling contextual LOB creation as JDBC driver reported JDBC version [3] less than 4
2016-05-08 17:44:16 [INFO] [main] ASTQueryTranslatorFactory.<init>(47) | HHH000397: Using ASTQueryTranslatorFactory
2016-05-08 17:44:17 [INFO] [main] LocalContainerEntityManagerFactoryBean.destroy(462) | Closing JPA EntityManagerFactory for persistence unit 'default'
2016-05-08 17:44:17 [ERROR] [main] TestContextManager.prepareTestInstance(334) | Caught exception while allowing TestExecutionListener [org.springframework.test.context.support.DependencyInjectionTestExecutionListener@2b49e54b] to prepare test instance [com.android.website.repository.impl.WaterSiteRepositoryTest@6cb521]
java.lang.IllegalStateException: Failed to load ApplicationContext
	at org.springframework.test.context.CacheAwareContextLoaderDelegate.loadContext(CacheAwareContextLoaderDelegate.java:99) ~[spring-test-4.0.6.RELEASE.jar:4.0.6.RELEASE]
	at org.springframework.test.context.DefaultTestContext.getApplicationContext(DefaultTestContext.java:101) ~[spring-test-4.0.6.RELEASE.jar:4.0.6.RELEASE]
	at org.springframework.test.context.support.DependencyInjectionTestExecutionListener.injectDependencies(DependencyInjectionTestExecutionListener.java:109) ~[spring-test-4.0.6.RELEASE.jar:4.0.6.RELEASE]
	at org.springframework.test.context.support.DependencyInjectionTestExecutionListener.prepareTestInstance(DependencyInjectionTestExecutionListener.java:75) ~[spring-test-4.0.6.RELEASE.jar:4.0.6.RELEASE]
	at org.springframework.test.context.TestContextManager.prepareTestInstance(TestContextManager.java:331) [spring-test-4.0.6.RELEASE.jar:4.0.6.RELEASE]
	at org.springframework.test.context.junit4.SpringJUnit4ClassRunner.createTest(SpringJUnit4ClassRunner.java:213) [spring-test-4.0.6.RELEASE.jar:4.0.6.RELEASE]
	at org.springframework.test.context.junit4.SpringJUnit4ClassRunner$1.runReflectiveCall(SpringJUnit4ClassRunner.java:290) [spring-test-4.0.6.RELEASE.jar:4.0.6.RELEASE]
	at org.junit.internal.runners.model.ReflectiveCallable.run(ReflectiveCallable.java:12) [junit-4.11.jar:?]
	at org.springframework.test.context.junit4.SpringJUnit4ClassRunner.methodBlock(SpringJUnit4ClassRunner.java:292) [spring-test-4.0.6.RELEASE.jar:4.0.6.RELEASE]
	at org.springframework.test.context.junit4.SpringJUnit4ClassRunner.runChild(SpringJUnit4ClassRunner.java:233) [spring-test-4.0.6.RELEASE.jar:4.0.6.RELEASE]
	at org.springframework.test.context.junit4.SpringJUnit4ClassRunner.runChild(SpringJUnit4ClassRunner.java:87) [spring-test-4.0.6.RELEASE.jar:4.0.6.RELEASE]
	at org.junit.runners.ParentRunner$3.run(ParentRunner.java:238) [junit-4.11.jar:?]
	at org.junit.runners.ParentRunner$1.schedule(ParentRunner.java:63) [junit-4.11.jar:?]
	at org.junit.runners.ParentRunner.runChildren(ParentRunner.java:236) [junit-4.11.jar:?]
	at org.junit.runners.ParentRunner.access$000(ParentRunner.java:53) [junit-4.11.jar:?]
	at org.junit.runners.ParentRunner$2.evaluate(ParentRunner.java:229) [junit-4.11.jar:?]
	at org.springframework.test.context.junit4.statements.RunBeforeTestClassCallbacks.evaluate(RunBeforeTestClassCallbacks.java:61) [spring-test-4.0.6.RELEASE.jar:4.0.6.RELEASE]
	at org.springframework.test.context.junit4.statements.RunAfterTestClassCallbacks.evaluate(RunAfterTestClassCallbacks.java:71) [spring-test-4.0.6.RELEASE.jar:4.0.6.RELEASE]
	at org.junit.runners.ParentRunner.run(ParentRunner.java:309) [junit-4.11.jar:?]
	at org.springframework.test.context.junit4.SpringJUnit4ClassRunner.run(SpringJUnit4ClassRunner.java:176) [spring-test-4.0.6.RELEASE.jar:4.0.6.RELEASE]
	at org.eclipse.jdt.internal.junit4.runner.JUnit4TestReference.run(JUnit4TestReference.java:86) [.cp/:?]
	at org.eclipse.jdt.internal.junit.runner.TestExecution.run(TestExecution.java:38) [.cp/:?]
	at org.eclipse.jdt.internal.junit.runner.RemoteTestRunner.runTests(RemoteTestRunner.java:459) [.cp/:?]
	at org.eclipse.jdt.internal.junit.runner.RemoteTestRunner.runTests(RemoteTestRunner.java:675) [.cp/:?]
	at org.eclipse.jdt.internal.junit.runner.RemoteTestRunner.run(RemoteTestRunner.java:382) [.cp/:?]
	at org.eclipse.jdt.internal.junit.runner.RemoteTestRunner.main(RemoteTestRunner.java:192) [.cp/:?]
Caused by: org.springframework.beans.factory.BeanCreationException: Error creating bean with name 'waterSiteRepository': Invocation of init method failed; nested exception is java.lang.IllegalArgumentException: Not an managed type: class com.android.website.beans.WaterSite
	at org.springframework.beans.factory.support.AbstractAutowireCapableBeanFactory.initializeBean(AbstractAutowireCapableBeanFactory.java:1553) ~[spring-beans-4.0.6.RELEASE.jar:4.0.6.RELEASE]
	at org.springframework.beans.factory.support.AbstractAutowireCapableBeanFactory.doCreateBean(AbstractAutowireCapableBeanFactory.java:539) ~[spring-beans-4.0.6.RELEASE.jar:4.0.6.RELEASE]
	at org.springframework.beans.factory.support.AbstractAutowireCapableBeanFactory.createBean(AbstractAutowireCapableBeanFactory.java:475) ~[spring-beans-4.0.6.RELEASE.jar:4.0.6.RELEASE]
	at org.springframework.beans.factory.support.AbstractBeanFactory$1.getObject(AbstractBeanFactory.java:302) ~[spring-beans-4.0.6.RELEASE.jar:4.0.6.RELEASE]
	at org.springframework.beans.factory.support.DefaultSingletonBeanRegistry.getSingleton(DefaultSingletonBeanRegistry.java:228) ~[spring-beans-4.0.6.RELEASE.jar:4.0.6.RELEASE]
	at org.springframework.beans.factory.support.AbstractBeanFactory.doGetBean(AbstractBeanFactory.java:298) ~[spring-beans-4.0.6.RELEASE.jar:4.0.6.RELEASE]
	at org.springframework.beans.factory.support.AbstractBeanFactory.getBean(AbstractBeanFactory.java:193) ~[spring-beans-4.0.6.RELEASE.jar:4.0.6.RELEASE]
	at org.springframework.beans.factory.support.DefaultListableBeanFactory.preInstantiateSingletons(DefaultListableBeanFactory.java:684) ~[spring-beans-4.0.6.RELEASE.jar:4.0.6.RELEASE]
	at org.springframework.context.support.AbstractApplicationContext.finishBeanFactoryInitialization(AbstractApplicationContext.java:760) ~[spring-context-4.0.6.RELEASE.jar:4.0.6.RELEASE]
	at org.springframework.context.support.AbstractApplicationContext.refresh(AbstractApplicationContext.java:482) ~[spring-context-4.0.6.RELEASE.jar:4.0.6.RELEASE]
	at org.springframework.test.context.support.AbstractGenericContextLoader.loadContext(AbstractGenericContextLoader.java:125) ~[spring-test-4.0.6.RELEASE.jar:4.0.6.RELEASE]
	at org.springframework.test.context.support.AbstractGenericContextLoader.loadContext(AbstractGenericContextLoader.java:60) ~[spring-test-4.0.6.RELEASE.jar:4.0.6.RELEASE]
	at org.springframework.test.context.support.AbstractDelegatingSmartContextLoader.delegateLoading(AbstractDelegatingSmartContextLoader.java:100) ~[spring-test-4.0.6.RELEASE.jar:4.0.6.RELEASE]
	at org.springframework.test.context.support.AbstractDelegatingSmartContextLoader.loadContext(AbstractDelegatingSmartContextLoader.java:250) ~[spring-test-4.0.6.RELEASE.jar:4.0.6.RELEASE]
	at org.springframework.test.context.CacheAwareContextLoaderDelegate.loadContextInternal(CacheAwareContextLoaderDelegate.java:64) ~[spring-test-4.0.6.RELEASE.jar:4.0.6.RELEASE]
	at org.springframework.test.context.CacheAwareContextLoaderDelegate.loadContext(CacheAwareContextLoaderDelegate.java:91) ~[spring-test-4.0.6.RELEASE.jar:4.0.6.RELEASE]
	... 25 more
Caused by: java.lang.IllegalArgumentException: Not an managed type: class com.android.website.beans.WaterSite
	at org.hibernate.jpa.internal.metamodel.MetamodelImpl.managedType(MetamodelImpl.java:219) ~[hibernate-entitymanager-4.3.8.Final.jar:4.3.8.Final]
	at org.springframework.data.jpa.repository.support.JpaMetamodelEntityInformation.<init>(JpaMetamodelEntityInformation.java:68) ~[spring-data-jpa-1.7.1.RELEASE.jar:?]
	at org.springframework.data.jpa.repository.support.JpaEntityInformationSupport.getMetadata(JpaEntityInformationSupport.java:65) ~[spring-data-jpa-1.7.1.RELEASE.jar:?]
	at org.springframework.data.jpa.repository.support.JpaRepositoryFactory.getEntityInformation(JpaRepositoryFactory.java:145) ~[spring-data-jpa-1.7.1.RELEASE.jar:?]
	at org.springframework.data.jpa.repository.support.JpaRepositoryFactory.getTargetRepository(JpaRepositoryFactory.java:89) ~[spring-data-jpa-1.7.1.RELEASE.jar:?]
	at org.springframework.data.jpa.repository.support.JpaRepositoryFactory.getTargetRepository(JpaRepositoryFactory.java:69) ~[spring-data-jpa-1.7.1.RELEASE.jar:?]
	at org.springframework.data.repository.core.support.RepositoryFactorySupport.getRepository(RepositoryFactorySupport.java:177) ~[spring-data-commons-1.9.1.RELEASE.jar:?]
	at org.springframework.data.repository.core.support.RepositoryFactoryBeanSupport.initAndReturn(RepositoryFactoryBeanSupport.java:239) ~[spring-data-commons-1.9.1.RELEASE.jar:?]
	at org.springframework.data.repository.core.support.RepositoryFactoryBeanSupport.afterPropertiesSet(RepositoryFactoryBeanSupport.java:225) ~[spring-data-commons-1.9.1.RELEASE.jar:?]
	at org.springframework.data.jpa.repository.support.JpaRepositoryFactoryBean.afterPropertiesSet(JpaRepositoryFactoryBean.java:92) ~[spring-data-jpa-1.7.1.RELEASE.jar:?]
	at org.springframework.beans.factory.support.AbstractAutowireCapableBeanFactory.invokeInitMethods(AbstractAutowireCapableBeanFactory.java:1612) ~[spring-beans-4.0.6.RELEASE.jar:4.0.6.RELEASE]
	at org.springframework.beans.factory.support.AbstractAutowireCapableBeanFactory.initializeBean(AbstractAutowireCapableBeanFactory.java:1549) ~[spring-beans-4.0.6.RELEASE.jar:4.0.6.RELEASE]
	at org.springframework.beans.factory.support.AbstractAutowireCapableBeanFactory.doCreateBean(AbstractAutowireCapableBeanFactory.java:539) ~[spring-beans-4.0.6.RELEASE.jar:4.0.6.RELEASE]
	at org.springframework.beans.factory.support.AbstractAutowireCapableBeanFactory.createBean(AbstractAutowireCapableBeanFactory.java:475) ~[spring-beans-4.0.6.RELEASE.jar:4.0.6.RELEASE]
	at org.springframework.beans.factory.support.AbstractBeanFactory$1.getObject(AbstractBeanFactory.java:302) ~[spring-beans-4.0.6.RELEASE.jar:4.0.6.RELEASE]
	at org.springframework.beans.factory.support.DefaultSingletonBeanRegistry.getSingleton(DefaultSingletonBeanRegistry.java:228) ~[spring-beans-4.0.6.RELEASE.jar:4.0.6.RELEASE]
	at org.springframework.beans.factory.support.AbstractBeanFactory.doGetBean(AbstractBeanFactory.java:298) ~[spring-beans-4.0.6.RELEASE.jar:4.0.6.RELEASE]
	at org.springframework.beans.factory.support.AbstractBeanFactory.getBean(AbstractBeanFactory.java:193) ~[spring-beans-4.0.6.RELEASE.jar:4.0.6.RELEASE]
	at org.springframework.beans.factory.support.DefaultListableBeanFactory.preInstantiateSingletons(DefaultListableBeanFactory.java:684) ~[spring-beans-4.0.6.RELEASE.jar:4.0.6.RELEASE]
	at org.springframework.context.support.AbstractApplicationContext.finishBeanFactoryInitialization(AbstractApplicationContext.java:760) ~[spring-context-4.0.6.RELEASE.jar:4.0.6.RELEASE]
	at org.springframework.context.support.AbstractApplicationContext.refresh(AbstractApplicationContext.java:482) ~[spring-context-4.0.6.RELEASE.jar:4.0.6.RELEASE]
	at org.springframework.test.context.support.AbstractGenericContextLoader.loadContext(AbstractGenericContextLoader.java:125) ~[spring-test-4.0.6.RELEASE.jar:4.0.6.RELEASE]
	at org.springframework.test.context.support.AbstractGenericContextLoader.loadContext(AbstractGenericContextLoader.java:60) ~[spring-test-4.0.6.RELEASE.jar:4.0.6.RELEASE]
	at org.springframework.test.context.support.AbstractDelegatingSmartContextLoader.delegateLoading(AbstractDelegatingSmartContextLoader.java:100) ~[spring-test-4.0.6.RELEASE.jar:4.0.6.RELEASE]
	at org.springframework.test.context.support.AbstractDelegatingSmartContextLoader.loadContext(AbstractDelegatingSmartContextLoader.java:250) ~[spring-test-4.0.6.RELEASE.jar:4.0.6.RELEASE]
	at org.springframework.test.context.CacheAwareContextLoaderDelegate.loadContextInternal(CacheAwareContextLoaderDelegate.java:64) ~[spring-test-4.0.6.RELEASE.jar:4.0.6.RELEASE]
	at org.springframework.test.context.CacheAwareContextLoaderDelegate.loadContext(CacheAwareContextLoaderDelegate.java:91) ~[spring-test-4.0.6.RELEASE.jar:4.0.6.RELEASE]
	... 25 more
2016-05-08 17:46:28 [INFO] [main] XmlBeanDefinitionReader.loadBeanDefinitions(316) | Loading XML bean definitions from URL [file:/F:/workspace/bibased/website-service/target/classes/applicationContext.xml]
2016-05-08 17:46:28 [INFO] [main] XmlBeanDefinitionReader.loadBeanDefinitions(316) | Loading XML bean definitions from URL [file:/F:/workspace/bibased/website-service/target/classes/META-INF/spring-context.xml]
2016-05-08 17:46:28 [INFO] [main] GenericApplicationContext.prepareRefresh(513) | Refreshing org.springframework.context.support.GenericApplicationContext@42543a51: startup date [Sun May 08 17:46:28 CST 2016]; root of context hierarchy
2016-05-08 17:46:29 [INFO] [main] PropertySourcesPlaceholderConfigurer.loadProperties(172) | Loading properties file from file [F:\workspace\bibased\website-service\target\classes\properties\database.properties]
2016-05-08 17:46:29 [INFO] [main] AutowiredAnnotationBeanPostProcessor.<init>(141) | JSR-330 'javax.inject.Inject' annotation found and supported for autowiring
2016-05-08 17:46:29 [INFO] [main] LocalContainerEntityManagerFactoryBean.createNativeEntityManagerFactory(332) | Building JPA container EntityManagerFactory for persistence unit 'default'
2016-05-08 17:46:29 [INFO] [main] LogHelper.logPersistenceUnitInformation(46) | HHH000204: Processing PersistenceUnitInfo [
	name: default
	...]
2016-05-08 17:46:29 [INFO] [main] Version.logVersion(54) | HHH000412: Hibernate Core {4.3.8.Final}
2016-05-08 17:46:29 [INFO] [main] Environment.<clinit>(239) | HHH000206: hibernate.properties not found
2016-05-08 17:46:29 [INFO] [main] Environment.buildBytecodeProvider(346) | HHH000021: Bytecode provider name : javassist
2016-05-08 17:46:29 [INFO] [main] Version.<clinit>(66) | HCANN000001: Hibernate Commons Annotations {4.0.5.Final}
2016-05-08 17:46:37 [INFO] [main] Dialect.<init>(145) | HHH000400: Using dialect: org.hibernate.dialect.MySQL5Dialect
2016-05-08 17:46:37 [INFO] [main] LobCreatorBuilder.useContextualLobCreation(97) | HHH000423: Disabling contextual LOB creation as JDBC driver reported JDBC version [3] less than 4
2016-05-08 17:46:37 [INFO] [main] ASTQueryTranslatorFactory.<init>(47) | HHH000397: Using ASTQueryTranslatorFactory
2016-05-08 17:46:38 [INFO] [main] LocalContainerEntityManagerFactoryBean.destroy(462) | Closing JPA EntityManagerFactory for persistence unit 'default'
2016-05-08 17:46:38 [ERROR] [main] TestContextManager.prepareTestInstance(334) | Caught exception while allowing TestExecutionListener [org.springframework.test.context.support.DependencyInjectionTestExecutionListener@42096939] to prepare test instance [com.android.website.repository.impl.WaterSiteRepositoryTest@77db3f0d]
java.lang.IllegalStateException: Failed to load ApplicationContext
	at org.springframework.test.context.CacheAwareContextLoaderDelegate.loadContext(CacheAwareContextLoaderDelegate.java:99) ~[spring-test-4.0.6.RELEASE.jar:4.0.6.RELEASE]
	at org.springframework.test.context.DefaultTestContext.getApplicationContext(DefaultTestContext.java:101) ~[spring-test-4.0.6.RELEASE.jar:4.0.6.RELEASE]
	at org.springframework.test.context.support.DependencyInjectionTestExecutionListener.injectDependencies(DependencyInjectionTestExecutionListener.java:109) ~[spring-test-4.0.6.RELEASE.jar:4.0.6.RELEASE]
	at org.springframework.test.context.support.DependencyInjectionTestExecutionListener.prepareTestInstance(DependencyInjectionTestExecutionListener.java:75) ~[spring-test-4.0.6.RELEASE.jar:4.0.6.RELEASE]
	at org.springframework.test.context.TestContextManager.prepareTestInstance(TestContextManager.java:331) [spring-test-4.0.6.RELEASE.jar:4.0.6.RELEASE]
	at org.springframework.test.context.junit4.SpringJUnit4ClassRunner.createTest(SpringJUnit4ClassRunner.java:213) [spring-test-4.0.6.RELEASE.jar:4.0.6.RELEASE]
	at org.springframework.test.context.junit4.SpringJUnit4ClassRunner$1.runReflectiveCall(SpringJUnit4ClassRunner.java:290) [spring-test-4.0.6.RELEASE.jar:4.0.6.RELEASE]
	at org.junit.internal.runners.model.ReflectiveCallable.run(ReflectiveCallable.java:12) [junit-4.11.jar:?]
	at org.springframework.test.context.junit4.SpringJUnit4ClassRunner.methodBlock(SpringJUnit4ClassRunner.java:292) [spring-test-4.0.6.RELEASE.jar:4.0.6.RELEASE]
	at org.springframework.test.context.junit4.SpringJUnit4ClassRunner.runChild(SpringJUnit4ClassRunner.java:233) [spring-test-4.0.6.RELEASE.jar:4.0.6.RELEASE]
	at org.springframework.test.context.junit4.SpringJUnit4ClassRunner.runChild(SpringJUnit4ClassRunner.java:87) [spring-test-4.0.6.RELEASE.jar:4.0.6.RELEASE]
	at org.junit.runners.ParentRunner$3.run(ParentRunner.java:238) [junit-4.11.jar:?]
	at org.junit.runners.ParentRunner$1.schedule(ParentRunner.java:63) [junit-4.11.jar:?]
	at org.junit.runners.ParentRunner.runChildren(ParentRunner.java:236) [junit-4.11.jar:?]
	at org.junit.runners.ParentRunner.access$000(ParentRunner.java:53) [junit-4.11.jar:?]
	at org.junit.runners.ParentRunner$2.evaluate(ParentRunner.java:229) [junit-4.11.jar:?]
	at org.springframework.test.context.junit4.statements.RunBeforeTestClassCallbacks.evaluate(RunBeforeTestClassCallbacks.java:61) [spring-test-4.0.6.RELEASE.jar:4.0.6.RELEASE]
	at org.springframework.test.context.junit4.statements.RunAfterTestClassCallbacks.evaluate(RunAfterTestClassCallbacks.java:71) [spring-test-4.0.6.RELEASE.jar:4.0.6.RELEASE]
	at org.junit.runners.ParentRunner.run(ParentRunner.java:309) [junit-4.11.jar:?]
	at org.springframework.test.context.junit4.SpringJUnit4ClassRunner.run(SpringJUnit4ClassRunner.java:176) [spring-test-4.0.6.RELEASE.jar:4.0.6.RELEASE]
	at org.eclipse.jdt.internal.junit4.runner.JUnit4TestReference.run(JUnit4TestReference.java:86) [.cp/:?]
	at org.eclipse.jdt.internal.junit.runner.TestExecution.run(TestExecution.java:38) [.cp/:?]
	at org.eclipse.jdt.internal.junit.runner.RemoteTestRunner.runTests(RemoteTestRunner.java:459) [.cp/:?]
	at org.eclipse.jdt.internal.junit.runner.RemoteTestRunner.runTests(RemoteTestRunner.java:675) [.cp/:?]
	at org.eclipse.jdt.internal.junit.runner.RemoteTestRunner.run(RemoteTestRunner.java:382) [.cp/:?]
	at org.eclipse.jdt.internal.junit.runner.RemoteTestRunner.main(RemoteTestRunner.java:192) [.cp/:?]
Caused by: org.springframework.beans.factory.BeanCreationException: Error creating bean with name 'waterSiteRepository': Invocation of init method failed; nested exception is java.lang.IllegalArgumentException: Not an managed type: class com.android.website.beans.WaterSite
	at org.springframework.beans.factory.support.AbstractAutowireCapableBeanFactory.initializeBean(AbstractAutowireCapableBeanFactory.java:1553) ~[spring-beans-4.0.6.RELEASE.jar:4.0.6.RELEASE]
	at org.springframework.beans.factory.support.AbstractAutowireCapableBeanFactory.doCreateBean(AbstractAutowireCapableBeanFactory.java:539) ~[spring-beans-4.0.6.RELEASE.jar:4.0.6.RELEASE]
	at org.springframework.beans.factory.support.AbstractAutowireCapableBeanFactory.createBean(AbstractAutowireCapableBeanFactory.java:475) ~[spring-beans-4.0.6.RELEASE.jar:4.0.6.RELEASE]
	at org.springframework.beans.factory.support.AbstractBeanFactory$1.getObject(AbstractBeanFactory.java:302) ~[spring-beans-4.0.6.RELEASE.jar:4.0.6.RELEASE]
	at org.springframework.beans.factory.support.DefaultSingletonBeanRegistry.getSingleton(DefaultSingletonBeanRegistry.java:228) ~[spring-beans-4.0.6.RELEASE.jar:4.0.6.RELEASE]
	at org.springframework.beans.factory.support.AbstractBeanFactory.doGetBean(AbstractBeanFactory.java:298) ~[spring-beans-4.0.6.RELEASE.jar:4.0.6.RELEASE]
	at org.springframework.beans.factory.support.AbstractBeanFactory.getBean(AbstractBeanFactory.java:193) ~[spring-beans-4.0.6.RELEASE.jar:4.0.6.RELEASE]
	at org.springframework.beans.factory.support.DefaultListableBeanFactory.preInstantiateSingletons(DefaultListableBeanFactory.java:684) ~[spring-beans-4.0.6.RELEASE.jar:4.0.6.RELEASE]
	at org.springframework.context.support.AbstractApplicationContext.finishBeanFactoryInitialization(AbstractApplicationContext.java:760) ~[spring-context-4.0.6.RELEASE.jar:4.0.6.RELEASE]
	at org.springframework.context.support.AbstractApplicationContext.refresh(AbstractApplicationContext.java:482) ~[spring-context-4.0.6.RELEASE.jar:4.0.6.RELEASE]
	at org.springframework.test.context.support.AbstractGenericContextLoader.loadContext(AbstractGenericContextLoader.java:125) ~[spring-test-4.0.6.RELEASE.jar:4.0.6.RELEASE]
	at org.springframework.test.context.support.AbstractGenericContextLoader.loadContext(AbstractGenericContextLoader.java:60) ~[spring-test-4.0.6.RELEASE.jar:4.0.6.RELEASE]
	at org.springframework.test.context.support.AbstractDelegatingSmartContextLoader.delegateLoading(AbstractDelegatingSmartContextLoader.java:100) ~[spring-test-4.0.6.RELEASE.jar:4.0.6.RELEASE]
	at org.springframework.test.context.support.AbstractDelegatingSmartContextLoader.loadContext(AbstractDelegatingSmartContextLoader.java:250) ~[spring-test-4.0.6.RELEASE.jar:4.0.6.RELEASE]
	at org.springframework.test.context.CacheAwareContextLoaderDelegate.loadContextInternal(CacheAwareContextLoaderDelegate.java:64) ~[spring-test-4.0.6.RELEASE.jar:4.0.6.RELEASE]
	at org.springframework.test.context.CacheAwareContextLoaderDelegate.loadContext(CacheAwareContextLoaderDelegate.java:91) ~[spring-test-4.0.6.RELEASE.jar:4.0.6.RELEASE]
	... 25 more
Caused by: java.lang.IllegalArgumentException: Not an managed type: class com.android.website.beans.WaterSite
	at org.hibernate.jpa.internal.metamodel.MetamodelImpl.managedType(MetamodelImpl.java:219) ~[hibernate-entitymanager-4.3.8.Final.jar:4.3.8.Final]
	at org.springframework.data.jpa.repository.support.JpaMetamodelEntityInformation.<init>(JpaMetamodelEntityInformation.java:68) ~[spring-data-jpa-1.7.1.RELEASE.jar:?]
	at org.springframework.data.jpa.repository.support.JpaEntityInformationSupport.getMetadata(JpaEntityInformationSupport.java:65) ~[spring-data-jpa-1.7.1.RELEASE.jar:?]
	at org.springframework.data.jpa.repository.support.JpaRepositoryFactory.getEntityInformation(JpaRepositoryFactory.java:145) ~[spring-data-jpa-1.7.1.RELEASE.jar:?]
	at org.springframework.data.jpa.repository.support.JpaRepositoryFactory.getTargetRepository(JpaRepositoryFactory.java:89) ~[spring-data-jpa-1.7.1.RELEASE.jar:?]
	at org.springframework.data.jpa.repository.support.JpaRepositoryFactory.getTargetRepository(JpaRepositoryFactory.java:69) ~[spring-data-jpa-1.7.1.RELEASE.jar:?]
	at org.springframework.data.repository.core.support.RepositoryFactorySupport.getRepository(RepositoryFactorySupport.java:177) ~[spring-data-commons-1.9.1.RELEASE.jar:?]
	at org.springframework.data.repository.core.support.RepositoryFactoryBeanSupport.initAndReturn(RepositoryFactoryBeanSupport.java:239) ~[spring-data-commons-1.9.1.RELEASE.jar:?]
	at org.springframework.data.repository.core.support.RepositoryFactoryBeanSupport.afterPropertiesSet(RepositoryFactoryBeanSupport.java:225) ~[spring-data-commons-1.9.1.RELEASE.jar:?]
	at org.springframework.data.jpa.repository.support.JpaRepositoryFactoryBean.afterPropertiesSet(JpaRepositoryFactoryBean.java:92) ~[spring-data-jpa-1.7.1.RELEASE.jar:?]
	at org.springframework.beans.factory.support.AbstractAutowireCapableBeanFactory.invokeInitMethods(AbstractAutowireCapableBeanFactory.java:1612) ~[spring-beans-4.0.6.RELEASE.jar:4.0.6.RELEASE]
	at org.springframework.beans.factory.support.AbstractAutowireCapableBeanFactory.initializeBean(AbstractAutowireCapableBeanFactory.java:1549) ~[spring-beans-4.0.6.RELEASE.jar:4.0.6.RELEASE]
	at org.springframework.beans.factory.support.AbstractAutowireCapableBeanFactory.doCreateBean(AbstractAutowireCapableBeanFactory.java:539) ~[spring-beans-4.0.6.RELEASE.jar:4.0.6.RELEASE]
	at org.springframework.beans.factory.support.AbstractAutowireCapableBeanFactory.createBean(AbstractAutowireCapableBeanFactory.java:475) ~[spring-beans-4.0.6.RELEASE.jar:4.0.6.RELEASE]
	at org.springframework.beans.factory.support.AbstractBeanFactory$1.getObject(AbstractBeanFactory.java:302) ~[spring-beans-4.0.6.RELEASE.jar:4.0.6.RELEASE]
	at org.springframework.beans.factory.support.DefaultSingletonBeanRegistry.getSingleton(DefaultSingletonBeanRegistry.java:228) ~[spring-beans-4.0.6.RELEASE.jar:4.0.6.RELEASE]
	at org.springframework.beans.factory.support.AbstractBeanFactory.doGetBean(AbstractBeanFactory.java:298) ~[spring-beans-4.0.6.RELEASE.jar:4.0.6.RELEASE]
	at org.springframework.beans.factory.support.AbstractBeanFactory.getBean(AbstractBeanFactory.java:193) ~[spring-beans-4.0.6.RELEASE.jar:4.0.6.RELEASE]
	at org.springframework.beans.factory.support.DefaultListableBeanFactory.preInstantiateSingletons(DefaultListableBeanFactory.java:684) ~[spring-beans-4.0.6.RELEASE.jar:4.0.6.RELEASE]
	at org.springframework.context.support.AbstractApplicationContext.finishBeanFactoryInitialization(AbstractApplicationContext.java:760) ~[spring-context-4.0.6.RELEASE.jar:4.0.6.RELEASE]
	at org.springframework.context.support.AbstractApplicationContext.refresh(AbstractApplicationContext.java:482) ~[spring-context-4.0.6.RELEASE.jar:4.0.6.RELEASE]
	at org.springframework.test.context.support.AbstractGenericContextLoader.loadContext(AbstractGenericContextLoader.java:125) ~[spring-test-4.0.6.RELEASE.jar:4.0.6.RELEASE]
	at org.springframework.test.context.support.AbstractGenericContextLoader.loadContext(AbstractGenericContextLoader.java:60) ~[spring-test-4.0.6.RELEASE.jar:4.0.6.RELEASE]
	at org.springframework.test.context.support.AbstractDelegatingSmartContextLoader.delegateLoading(AbstractDelegatingSmartContextLoader.java:100) ~[spring-test-4.0.6.RELEASE.jar:4.0.6.RELEASE]
	at org.springframework.test.context.support.AbstractDelegatingSmartContextLoader.loadContext(AbstractDelegatingSmartContextLoader.java:250) ~[spring-test-4.0.6.RELEASE.jar:4.0.6.RELEASE]
	at org.springframework.test.context.CacheAwareContextLoaderDelegate.loadContextInternal(CacheAwareContextLoaderDelegate.java:64) ~[spring-test-4.0.6.RELEASE.jar:4.0.6.RELEASE]
	at org.springframework.test.context.CacheAwareContextLoaderDelegate.loadContext(CacheAwareContextLoaderDelegate.java:91) ~[spring-test-4.0.6.RELEASE.jar:4.0.6.RELEASE]
	... 25 more
2016-05-08 17:48:18 [INFO] [main] XmlBeanDefinitionReader.loadBeanDefinitions(316) | Loading XML bean definitions from URL [file:/F:/workspace/bibased/website-service/target/classes/applicationContext.xml]
2016-05-08 17:48:18 [INFO] [main] XmlBeanDefinitionReader.loadBeanDefinitions(316) | Loading XML bean definitions from URL [file:/F:/workspace/bibased/website-service/target/classes/META-INF/spring-context.xml]
2016-05-08 17:48:18 [INFO] [main] GenericApplicationContext.prepareRefresh(513) | Refreshing org.springframework.context.support.GenericApplicationContext@3f5c9e44: startup date [Sun May 08 17:48:18 CST 2016]; root of context hierarchy
2016-05-08 17:48:18 [INFO] [main] PropertySourcesPlaceholderConfigurer.loadProperties(172) | Loading properties file from file [F:\workspace\bibased\website-service\target\classes\properties\database.properties]
2016-05-08 17:48:18 [INFO] [main] AutowiredAnnotationBeanPostProcessor.<init>(141) | JSR-330 'javax.inject.Inject' annotation found and supported for autowiring
2016-05-08 17:48:19 [INFO] [main] LocalContainerEntityManagerFactoryBean.createNativeEntityManagerFactory(332) | Building JPA container EntityManagerFactory for persistence unit 'default'
2016-05-08 17:48:19 [INFO] [main] LogHelper.logPersistenceUnitInformation(46) | HHH000204: Processing PersistenceUnitInfo [
	name: default
	...]
2016-05-08 17:48:19 [INFO] [main] Version.logVersion(54) | HHH000412: Hibernate Core {4.3.8.Final}
2016-05-08 17:48:19 [INFO] [main] Environment.<clinit>(239) | HHH000206: hibernate.properties not found
2016-05-08 17:48:19 [INFO] [main] Environment.buildBytecodeProvider(346) | HHH000021: Bytecode provider name : javassist
2016-05-08 17:48:19 [INFO] [main] Version.<clinit>(66) | HCANN000001: Hibernate Commons Annotations {4.0.5.Final}
2016-05-08 17:48:25 [INFO] [main] Dialect.<init>(145) | HHH000400: Using dialect: org.hibernate.dialect.MySQL5Dialect
2016-05-08 17:48:25 [INFO] [main] LobCreatorBuilder.useContextualLobCreation(97) | HHH000423: Disabling contextual LOB creation as JDBC driver reported JDBC version [3] less than 4
2016-05-08 17:48:25 [INFO] [main] ASTQueryTranslatorFactory.<init>(47) | HHH000397: Using ASTQueryTranslatorFactory
2016-05-08 17:48:26 [INFO] [Thread-3] GenericApplicationContext.doClose(873) | Closing org.springframework.context.support.GenericApplicationContext@3f5c9e44: startup date [Sun May 08 17:48:18 CST 2016]; root of context hierarchy
2016-05-08 17:48:26 [INFO] [Thread-3] LocalContainerEntityManagerFactoryBean.destroy(462) | Closing JPA EntityManagerFactory for persistence unit 'default'
2016-05-08 17:59:38 [INFO] [main] XmlBeanDefinitionReader.loadBeanDefinitions(316) | Loading XML bean definitions from URL [file:/F:/workspace/bibased/website-service/target/classes/applicationContext.xml]
2016-05-08 17:59:38 [INFO] [main] XmlBeanDefinitionReader.loadBeanDefinitions(316) | Loading XML bean definitions from URL [file:/F:/workspace/bibased/website-service/target/classes/META-INF/spring-context.xml]
2016-05-08 17:59:38 [INFO] [main] GenericApplicationContext.prepareRefresh(513) | Refreshing org.springframework.context.support.GenericApplicationContext@2376f91f: startup date [Sun May 08 17:59:38 CST 2016]; root of context hierarchy
2016-05-08 17:59:38 [INFO] [main] PropertySourcesPlaceholderConfigurer.loadProperties(172) | Loading properties file from file [F:\workspace\bibased\website-service\target\classes\properties\database.properties]
2016-05-08 17:59:38 [INFO] [main] AutowiredAnnotationBeanPostProcessor.<init>(141) | JSR-330 'javax.inject.Inject' annotation found and supported for autowiring
2016-05-08 17:59:39 [INFO] [main] LocalContainerEntityManagerFactoryBean.createNativeEntityManagerFactory(332) | Building JPA container EntityManagerFactory for persistence unit 'default'
2016-05-08 17:59:39 [INFO] [main] LogHelper.logPersistenceUnitInformation(46) | HHH000204: Processing PersistenceUnitInfo [
	name: default
	...]
2016-05-08 17:59:39 [INFO] [main] Version.logVersion(54) | HHH000412: Hibernate Core {4.3.8.Final}
2016-05-08 17:59:39 [INFO] [main] Environment.<clinit>(239) | HHH000206: hibernate.properties not found
2016-05-08 17:59:39 [INFO] [main] Environment.buildBytecodeProvider(346) | HHH000021: Bytecode provider name : javassist
2016-05-08 17:59:39 [INFO] [main] Version.<clinit>(66) | HCANN000001: Hibernate Commons Annotations {4.0.5.Final}
2016-05-08 17:59:46 [INFO] [main] Dialect.<init>(145) | HHH000400: Using dialect: org.hibernate.dialect.MySQL5Dialect
2016-05-08 17:59:46 [INFO] [main] LobCreatorBuilder.useContextualLobCreation(97) | HHH000423: Disabling contextual LOB creation as JDBC driver reported JDBC version [3] less than 4
2016-05-08 17:59:46 [INFO] [main] ASTQueryTranslatorFactory.<init>(47) | HHH000397: Using ASTQueryTranslatorFactory
2016-05-08 17:59:49 [INFO] [Thread-3] GenericApplicationContext.doClose(873) | Closing org.springframework.context.support.GenericApplicationContext@2376f91f: startup date [Sun May 08 17:59:38 CST 2016]; root of context hierarchy
2016-05-08 17:59:49 [INFO] [Thread-3] LocalContainerEntityManagerFactoryBean.destroy(462) | Closing JPA EntityManagerFactory for persistence unit 'default'
